#
# A fatal error has been detected by the Java Runtime Environment:
#
#  EXCEPTION_ACCESS_VIOLATION (0xc0000005) at pc=0x00007ff852740cb7, pid=32504, tid=29664
#
# JRE version: OpenJDK Runtime Environment Microsoft-11926163 (17.0.16+8) (build 17.0.16+8-LTS)
# Java VM: OpenJDK 64-Bit Server VM Microsoft-11926163 (17.0.16+8-LTS, mixed mode, sharing, tiered, compressed oops, compressed class ptrs, g1 gc, windows-amd64)
# Problematic frame:
# V  [jvm.dll+0x2e0cb7]
#
# No core dump will be written. Minidumps are not enabled by default on client versions of Windows
#
# If you would like to submit a bug report, please visit:
#   https://github.com/microsoft/openjdk/issues
#

---------------  S U M M A R Y ------------

Command Line: -javaagent:C:\Program Files\JetBrains\IntelliJ IDEA Community Edition 2025.2.1\lib\idea_rt.jar=56103 -Dfile.encoding=UTF-8 com.employee.system.EmployeeManagementSystemApplication

Host: Intel(R) Core(TM) i3-10105 CPU @ 3.70GHz, 8 cores, 7G,  Windows 11 , 64 bit Build 26100 (10.0.26100.5074)
Time: Fri Sep 19 10:26:03 2025 India Standard Time elapsed time: 764.514744 seconds (0d 0h 12m 44s)

---------------  T H R E A D  ---------------

Current thread (0x000002c1fd0beaf0):  ConcurrentGCThread "G1 Conc#1" [stack: 0x000000e842200000,0x000000e842300000] [id=29664]

Stack: [0x000000e842200000,0x000000e842300000],  sp=0x000000e8422ff780,  free space=1021k
Native frames: (J=compiled Java code, j=interpreted, Vv=VM code, C=native code)
V  [jvm.dll+0x2e0cb7]
V  [jvm.dll+0x2e0b7e]
V  [jvm.dll+0x2df17d]
V  [jvm.dll+0x2de904]
V  [jvm.dll+0x2f44dc]
V  [jvm.dll+0x2f0e31]
V  [jvm.dll+0x2f275c]
V  [jvm.dll+0x2f1762]
V  [jvm.dll+0x2f50d6]
V  [jvm.dll+0x874108]
V  [jvm.dll+0x874156]
V  [jvm.dll+0x7f5e9c]
V  [jvm.dll+0x68dd27]
C  [ucrtbase.dll+0x37b0]
C  [KERNEL32.DLL+0x2e8d7]
C  [ntdll.dll+0x8d9c]


siginfo: EXCEPTION_ACCESS_VIOLATION (0xc0000005), reading address 0x00000000000000c0


Registers:
RAX=0x0000000000000000, RBX=0x000002c1d84974c0, RCX=0x000002c1d847ee70, RDX=0x0000000000000000
RSP=0x000000e8422ff780, RBP=0x0000000000000000, RSI=0x000002c1d847ee70, RDI=0x0000000000004000
R8 =0x0000000000000000, R9 =0x0000000000004000, R10=0x000002c1d847ee70, R11=0x0000000000000004
R12=0x0000000000000000, R13=0xaaaaaaaaaaaaaaab, R14=0x0000000000000000, R15=0x000000e8422ff900
RIP=0x00007ff852740cb7, EFLAGS=0x0000000000010202

XMM[0]=0x0000000000000000 0x0000000000000000
XMM[1]=0x0000000000000000 0x0000000000000000
XMM[2]=0x0000000000000000 0x0000000000000000
XMM[3]=0x0000000000000000 0x0000000000000000
XMM[4]=0x0000000000000000 0x0000000000000000
XMM[5]=0x0000000000000000 0x0000000000000000
XMM[6]=0x0000000000000000 0x3ff311455216a3d0
XMM[7]=0x0000000000000000 0x408f400000000000
XMM[8]=0x0000000000000000 0x0000000000000000
XMM[9]=0x0000000000000000 0x0000000000000000
XMM[10]=0x0000000000000000 0x0000000000000000
XMM[11]=0x0000000000000000 0x0000000000000000
XMM[12]=0x0000000000000000 0x0000000000000000
XMM[13]=0x0000000000000000 0x0000000000000000
XMM[14]=0x0000000000000000 0x0000000000000000
XMM[15]=0x0000000000000000 0x0000000000000000
  MXCSR=0x00001fa0


Register to memory mapping:

RIP=0x00007ff852740cb7 jvm.dll
RAX=0x0 is NULL
RBX=0x000002c1d84974c0 points into unknown readable memory: 0x00007ff852dc7008 | 08 70 dc 52 f8 7f 00 00
RCX=0x000002c1d847ee70 points into unknown readable memory: 0x000002c1d8490460 | 60 04 49 d8 c1 02 00 00
RDX=0x0 is NULL
RSP=0x000000e8422ff780 points into unknown readable memory: 0x0000a2b4d69c981b | 1b 98 9c d6 b4 a2 00 00
RBP=0x0 is NULL
RSI=0x000002c1d847ee70 points into unknown readable memory: 0x000002c1d8490460 | 60 04 49 d8 c1 02 00 00
RDI=0x0000000000004000 is an unknown value
R8 =0x0 is NULL
R9 =0x0000000000004000 is an unknown value
R10=0x000002c1d847ee70 points into unknown readable memory: 0x000002c1d8490460 | 60 04 49 d8 c1 02 00 00
R11=0x0000000000000004 is an unknown value
R12=0x0 is NULL
R13=0xaaaaaaaaaaaaaaab is an unknown value
R14=0x0 is NULL
R15=0x000000e8422ff900 points into unknown readable memory: 0x000002c1d847ee70 | 70 ee 47 d8 c1 02 00 00


Top of Stack: (sp=0x000000e8422ff780)
0x000000e8422ff780:   0000a2b4d69c981b 000000e8422ff920
0x000000e8422ff790:   00000000847cd898 00007ff852740b7e
0x000000e8422ff7a0:   0000000000004000 00007ff852740b7e
0x000000e8422ff7b0:   000002c1d84974c0 000000e8422ff920
0x000000e8422ff7c0:   000000008562c6d8 00007ff85273f2b3
0x000000e8422ff7d0:   000000e8422ff920 00007ff85273f17d
0x000000e8422ff7e0:   000000008562baa8 000002c18004c1d8
0x000000e8422ff7f0:   0000000000000000 000002c180001728
0x000000e8422ff800:   000002c180133728 00007ff85273e904
0x000000e8422ff810:   0000000000000202 000000008562b6c8
0x000000e8422ff820:   000000000000000e 000000008562a120
0x000000e8422ff830:   000000008562b6c8 00007ff8527544dc
0x000000e8422ff840:   000000008562b6c8 000002c1d847eec0
0x000000e8422ff850:   000002c1d84974c0 00007ff852ae802c
0x000000e8422ff860:   000000e8422ff900 00007ff852750e31
0x000000e8422ff870:   00000000003056d9 000000008562b6c8
0x000000e8422ff880:   000002c1d847eec0 000000e8422ff900
0x000000e8422ff890:   0000000000320000 00007ff85275275c
0x000000e8422ff8a0:   000000008562b110 00000000003056d9
0x000000e8422ff8b0:   00000000001a39de 000000000004c4b4
0x000000e8422ff8c0:   0000000000000001 0000000000000000
0x000000e8422ff8d0:   000002c1d84974c0 00007ff852751762
0x000000e8422ff8e0:   000002c1d8497558 000000e8408ff601
0x000000e8422ff8f0:   000002c1d8497558 000002c1d8497558
0x000000e8422ff900:   000002c1d847ee70 000002c1d84974c0
0x000000e8422ff910:   0000000085600000 0000000000020000
0x000000e8422ff920:   00007ff852dc7028 000002c1f6581c90
0x000000e8422ff930:   000002c100000003 000002c1d84329f0
0x000000e8422ff940:   000002c1d84974c0 00007ff852ae802c
0x000000e8422ff950:   c215b08487ff3e77 0000000000000000
0x000000e8422ff960:   0000000000000000 0000000000000000
0x000000e8422ff970:   000002c1fbb9bfe0 000002c1fd0beaf0 

Instructions: (pc=0x00007ff852740cb7)
0x00007ff852740bb7:   3b f9 0f 83 ca 00 00 00 80 3d 48 ab 8b 00 00 74
0x00007ff852740bc7:   15 8b 47 08 8b 0d 37 e7 84 00 48 d3 e0 48 03 05
0x00007ff852740bd7:   25 e7 84 00 eb 04 48 8b 47 08 81 78 08 00 00 00
0x00007ff852740be7:   c0 72 35 48 8b 83 a8 00 00 00 48 39 83 a0 00 00
0x00007ff852740bf7:   00 73 10 48 8b 83 c0 00 00 00 48 39 83 b8 00 00
0x00007ff852740c07:   00 72 7f 48 8b cb e8 5e 2a 01 00 b0 01 48 8b 5c
0x00007ff852740c17:   24 30 48 83 c4 20 5f c3 48 8b 53 30 44 8b 82 80
0x00007ff852740c27:   00 00 00 8b 82 00 01 00 00 41 8b c8 2b c8 81 e1
0x00007ff852740c37:   ff ff 01 00 81 f9 fe ff 01 00 72 2c 48 8b cb e8
0x00007ff852740c47:   c5 1d 01 00 48 8b 53 30 44 8b 82 80 00 00 00 8b
0x00007ff852740c57:   82 00 01 00 00 41 8b c8 2b c8 81 e1 ff ff 01 00
0x00007ff852740c67:   81 f9 fe ff 01 00 73 1a 48 8b 82 80 01 00 00 4a
0x00007ff852740c77:   89 3c c0 41 8d 40 01 25 ff ff 01 00 89 82 80 00
0x00007ff852740c87:   00 00 48 8b 5c 24 30 b0 01 48 83 c4 20 5f c3 cc
0x00007ff852740c97:   cc cc cc cc cc cc cc cc cc 48 89 6c 24 10 48 89
0x00007ff852740ca7:   74 24 18 57 48 83 ec 20 49 8b f9 8b ea 48 8b f1
0x00007ff852740cb7:   4d 3b 88 c0 00 00 00 72 12 32 c0 48 8b 6c 24 38
0x00007ff852740cc7:   48 8b 74 24 40 48 83 c4 20 5f c3 48 89 5c 24 30
0x00007ff852740cd7:   48 8b d7 48 8b 99 98 00 00 00 48 8b cb 48 8b 03
0x00007ff852740ce7:   ff 10 8b 4b 18 48 8b d7 48 2b 53 08 48 8b 43 20
0x00007ff852740cf7:   48 c1 ea 03 48 d3 ea 48 8b ca 48 c1 e9 06 4c 8d
0x00007ff852740d07:   04 c8 0f b6 ca 49 8b 00 ba 01 00 00 00 48 d3 e2
0x00007ff852740d17:   48 8b c8 48 0b ca 48 3b c8 74 12 f0 49 0f b1 08
0x00007ff852740d27:   74 25 48 8b c8 48 0b ca 48 3b c8 75 ee 32 db 48
0x00007ff852740d37:   8b 6c 24 38 0f b6 c3 48 8b 5c 24 30 48 8b 74 24
0x00007ff852740d47:   40 48 83 c4 20 5f c3 80 3d b9 a9 8b 00 00 b3 01
0x00007ff852740d57:   74 15 8b 57 08 8b 0d a6 e5 84 00 48 d3 e2 48 03
0x00007ff852740d67:   15 94 e5 84 00 eb 04 48 8b 57 08 48 8b cf e8 a6
0x00007ff852740d77:   b6 d2 ff 48 8b 8e 08 03 00 00 4c 63 d8 4c 8b 0c
0x00007ff852740d87:   e9 49 8b 51 18 8b 8a c8 01 00 00 4c 8b 82 c0 01
0x00007ff852740d97:   00 00 41 8b 51 60 49 d3 e0 8b 0d 9a b3 8b 00 49
0x00007ff852740da7:   2b f8 48 d3 ef 44 8b d7 49 23 d2 48 c1 e2 04 49 


Stack slot to memory mapping:
stack at sp + 0 slots: 0x0000a2b4d69c981b is an unknown value
stack at sp + 1 slots: 0x000000e8422ff920 points into unknown readable memory: 0x00007ff852dc7028 | 28 70 dc 52 f8 7f 00 00
stack at sp + 2 slots: 0x00000000847cd898 is an oop: java.security.ProtectionDomain 
{0x00000000847cd898} - klass: 'java/security/ProtectionDomain'
 - ---- fields (total size 5 words):
 - private 'hasAllPerm' 'Z' @12  false
 - private final 'staticPermissions' 'Z' @13  false
 - private 'codesource' 'Ljava/security/CodeSource;' @16  a 'java/security/CodeSource'{0x00000000847cd8c0} (847cd8c0)
 - private 'classloader' 'Ljava/lang/ClassLoader;' @20  a 'jdk/internal/loader/ClassLoaders$AppClassLoader'{0x00000000842a5120} (842a5120)
 - private 'principals' '[Ljava/security/Principal;' @24  a 'java/security/Principal'[0] {0x00000000847cd988} (847cd988)
 - private 'permissions' 'Ljava/security/PermissionCollection;' @28  a 'sun/security/util/LazyCodeSourcePermissionCollection'{0x00000000847cd998} (847cd998)
 - final 'key' 'Ljava/security/ProtectionDomain$Key;' @32  a 'java/security/ProtectionDomain$Key'{0x00000000847cdb58} (847cdb58)
stack at sp + 3 slots: 0x00007ff852740b7e jvm.dll
stack at sp + 4 slots: 0x0000000000004000 is an unknown value
stack at sp + 5 slots: 0x00007ff852740b7e jvm.dll
stack at sp + 6 slots: 0x000002c1d84974c0 points into unknown readable memory: 0x00007ff852dc7008 | 08 70 dc 52 f8 7f 00 00
stack at sp + 7 slots: 0x000000e8422ff920 points into unknown readable memory: 0x00007ff852dc7028 | 28 70 dc 52 f8 7f 00 00


---------------  P R O C E S S  ---------------

Threads class SMR info:
_java_thread_list=0x000002c1fedef720, length=32, elements={
0x000002c1f66bc830, 0x000002c1f66bdf60, 0x000002c1f66cdfb0, 0x000002c1f66d2a90,
0x000002c1f66d4b30, 0x000002c1f66dd900, 0x000002c1f66e3280, 0x000002c1f66e48a0,
0x000002c1f66ede30, 0x000002c1f67e87a0, 0x000002c1f67eb530, 0x000002c1f67e8cb0,
0x000002c1f67eba40, 0x000002c1f67ea0f0, 0x000002c1f67e96d0, 0x000002c1fc3c07a0,
0x000002c1fc3bf360, 0x000002c1fc3bfd80, 0x000002c1fc3bee50, 0x000002c1fc3bd500,
0x000002c1fc3bdf20, 0x000002c1fc3c0290, 0x000002c1fc3bcff0, 0x000002c1fc3c0cb0,
0x000002c1fc3bf870, 0x000002c1fc3bda10, 0x000002c1fc3c11c0, 0x000002c1fc3be430,
0x000002c1fc3be940, 0x000002c1fc3c1be0, 0x000002c1fc3c2600, 0x000002c1fc3c16d0
}

Java Threads: ( => current thread )
  0x000002c1f66bc830 JavaThread "Reference Handler" daemon [_thread_blocked, id=23248, stack(0x000000e840d00000,0x000000e840e00000)]
  0x000002c1f66bdf60 JavaThread "Finalizer" daemon [_thread_blocked, id=29612, stack(0x000000e840e00000,0x000000e840f00000)]
  0x000002c1f66cdfb0 JavaThread "Signal Dispatcher" daemon [_thread_blocked, id=13440, stack(0x000000e840f00000,0x000000e841000000)]
  0x000002c1f66d2a90 JavaThread "Attach Listener" daemon [_thread_blocked, id=25124, stack(0x000000e841000000,0x000000e841100000)]
  0x000002c1f66d4b30 JavaThread "Service Thread" daemon [_thread_blocked, id=30200, stack(0x000000e841100000,0x000000e841200000)]
  0x000002c1f66dd900 JavaThread "Monitor Deflation Thread" daemon [_thread_blocked, id=25728, stack(0x000000e841200000,0x000000e841300000)]
  0x000002c1f66e3280 JavaThread "C2 CompilerThread0" daemon [_thread_blocked, id=22648, stack(0x000000e841300000,0x000000e841400000)]
  0x000002c1f66e48a0 JavaThread "C1 CompilerThread0" daemon [_thread_blocked, id=31716, stack(0x000000e841400000,0x000000e841500000)]
  0x000002c1f66ede30 JavaThread "Sweeper thread" daemon [_thread_blocked, id=32328, stack(0x000000e841500000,0x000000e841600000)]
  0x000002c1f67e87a0 JavaThread "Common-Cleaner" daemon [_thread_blocked, id=24664, stack(0x000000e841600000,0x000000e841700000)]
  0x000002c1f67eb530 JavaThread "Monitor Ctrl-Break" daemon [_thread_in_native, id=31700, stack(0x000000e841800000,0x000000e841900000)]
  0x000002c1f67e8cb0 JavaThread "Notification Thread" daemon [_thread_blocked, id=28020, stack(0x000000e841900000,0x000000e841a00000)]
  0x000002c1f67eba40 JavaThread "PostgreSQL-JDBC-Cleaner" daemon [_thread_blocked, id=28760, stack(0x000000e842500000,0x000000e842600000)]
  0x000002c1f67ea0f0 JavaThread "HikariPool-1:housekeeper" daemon [_thread_blocked, id=27144, stack(0x000000e842700000,0x000000e842800000)]
  0x000002c1f67e96d0 JavaThread "Catalina-utility-1" [_thread_blocked, id=15512, stack(0x000000e842a00000,0x000000e842b00000)]
  0x000002c1fc3c07a0 JavaThread "Catalina-utility-2" [_thread_blocked, id=21928, stack(0x000000e842b00000,0x000000e842c00000)]
  0x000002c1fc3bf360 JavaThread "container-0" [_thread_blocked, id=23356, stack(0x000000e842c00000,0x000000e842d00000)]
  0x000002c1fc3bfd80 JavaThread "File Watcher" daemon [_thread_blocked, id=30456, stack(0x000000e842d00000,0x000000e842e00000)]
  0x000002c1fc3bee50 JavaThread "Live Reload Server" daemon [_thread_in_native, id=25304, stack(0x000000e842f00000,0x000000e843000000)]
  0x000002c1fc3bd500 JavaThread "http-nio-1000-exec-1" daemon [_thread_blocked, id=26428, stack(0x000000e842e00000,0x000000e842f00000)]
  0x000002c1fc3bdf20 JavaThread "http-nio-1000-exec-2" daemon [_thread_blocked, id=21368, stack(0x000000e843000000,0x000000e843100000)]
  0x000002c1fc3c0290 JavaThread "http-nio-1000-exec-3" daemon [_thread_blocked, id=992, stack(0x000000e843100000,0x000000e843200000)]
  0x000002c1fc3bcff0 JavaThread "http-nio-1000-exec-4" daemon [_thread_blocked, id=27032, stack(0x000000e843200000,0x000000e843300000)]
  0x000002c1fc3c0cb0 JavaThread "http-nio-1000-exec-5" daemon [_thread_blocked, id=13316, stack(0x000000e843300000,0x000000e843400000)]
  0x000002c1fc3bf870 JavaThread "http-nio-1000-exec-6" daemon [_thread_blocked, id=21328, stack(0x000000e843400000,0x000000e843500000)]
  0x000002c1fc3bda10 JavaThread "http-nio-1000-exec-7" daemon [_thread_blocked, id=26060, stack(0x000000e843500000,0x000000e843600000)]
  0x000002c1fc3c11c0 JavaThread "http-nio-1000-exec-8" daemon [_thread_blocked, id=30348, stack(0x000000e843600000,0x000000e843700000)]
  0x000002c1fc3be430 JavaThread "http-nio-1000-exec-9" daemon [_thread_blocked, id=29056, stack(0x000000e843700000,0x000000e843800000)]
  0x000002c1fc3be940 JavaThread "http-nio-1000-exec-10" daemon [_thread_blocked, id=7212, stack(0x000000e843800000,0x000000e843900000)]
  0x000002c1fc3c1be0 JavaThread "http-nio-1000-Poller" daemon [_thread_in_native, id=27028, stack(0x000000e843900000,0x000000e843a00000)]
  0x000002c1fc3c2600 JavaThread "http-nio-1000-Acceptor" daemon [_thread_in_native, id=30176, stack(0x000000e843a00000,0x000000e843b00000)]
  0x000002c1fc3c16d0 JavaThread "DestroyJavaVM" [_thread_blocked, id=31888, stack(0x000000e840600000,0x000000e840700000)]

Other Threads:
  0x000002c1f66b6780 VMThread "VM Thread" [stack: 0x000000e840c00000,0x000000e840d00000] [id=19328]
  0x000002c1f69fa0f0 WatcherThread [stack: 0x000000e841a00000,0x000000e841b00000] [id=26416]
  0x000002c1d847e860 GCTaskThread "GC Thread#0" [stack: 0x000000e840700000,0x000000e840800000] [id=8524]
  0x000002c1fb6d1aa0 GCTaskThread "GC Thread#1" [stack: 0x000000e841d00000,0x000000e841e00000] [id=22808]
  0x000002c1fb6d1d60 GCTaskThread "GC Thread#2" [stack: 0x000000e841e00000,0x000000e841f00000] [id=30340]
  0x000002c1fb6d2020 GCTaskThread "GC Thread#3" [stack: 0x000000e841f00000,0x000000e842000000] [id=31812]
  0x000002c1fb6d22e0 GCTaskThread "GC Thread#4" [stack: 0x000000e842000000,0x000000e842100000] [id=3464]
  0x000002c1fb6d25a0 GCTaskThread "GC Thread#5" [stack: 0x000000e842100000,0x000000e842200000] [id=14800]
  0x000002c1fbc09800 GCTaskThread "GC Thread#6" [stack: 0x000000e841700000,0x000000e841800000] [id=11844]
  0x000002c1fcd73400 GCTaskThread "GC Thread#7" [stack: 0x000000e842300000,0x000000e842400000] [id=19896]
  0x000002c1d8490460 ConcurrentGCThread "G1 Main Marker" [stack: 0x000000e840800000,0x000000e840900000] [id=5620]
  0x000002c1d8490e80 ConcurrentGCThread "G1 Conc#0" [stack: 0x000000e840900000,0x000000e840a00000] [id=23276]
=>0x000002c1fd0beaf0 ConcurrentGCThread "G1 Conc#1" [stack: 0x000000e842200000,0x000000e842300000] [id=29664]
  0x000002c1d84cde00 ConcurrentGCThread "G1 Refine#0" [stack: 0x000000e840a00000,0x000000e840b00000] [id=28768]
  0x000002c1d84ce830 ConcurrentGCThread "G1 Service" [stack: 0x000000e840b00000,0x000000e840c00000] [id=30672]

Threads with active compile tasks:

VM state: not at safepoint (normal execution)

VM Mutex/Monitor currently owned by a thread: None

Heap address: 0x0000000083e00000, size: 1986 MB, Compressed Oops mode: 32-bit

CDS archive(s) mapped at: [0x000002c180000000-0x000002c180bb0000-0x000002c180bb0000), size 12255232, SharedBaseAddress: 0x000002c180000000, ArchiveRelocationMode: 1.
Compressed class space mapped at: 0x000002c181000000-0x000002c1c1000000, reserved size: 1073741824
Narrow klass base: 0x000002c180000000, Narrow klass shift: 0, Narrow klass range: 0x100000000

GC Precious Log:
 CPUs: 8 total, 8 available
 Memory: 7939M
 Large Page Support: Disabled
 NUMA Support: Disabled
 Compressed Oops: Enabled (32-bit)
 Heap Region Size: 1M
 Heap Min Capacity: 8M
 Heap Initial Capacity: 126M
 Heap Max Capacity: 1986M
 Pre-touch: Disabled
 Parallel Workers: 8
 Concurrent Workers: 2
 Concurrent Refinement Workers: 8
 Periodic GC: Disabled

Heap:
 garbage-first heap   total 58368K, used 35624K [0x0000000083e00000, 0x0000000100000000)
  region size 1024K, 5 young (5120K), 2 survivors (2048K)
 Metaspace       used 76158K, committed 76800K, reserved 1179648K
  class space    used 10558K, committed 10880K, reserved 1048576K

Heap Regions: E=young(eden), S=young(survivor), O=old, HS=humongous(starts), HC=humongous(continues), CS=collection set, F=free, OA=open archive, CA=closed archive, TAMS=top-at-mark-start (previous, next)
|   0|0x0000000083e00000, 0x0000000083f00000, 0x0000000083f00000|100%|HS|  |TAMS 0x0000000083f00000, 0x0000000083f00000| Complete 
|   1|0x0000000083f00000, 0x0000000084000000, 0x0000000084000000|100%|HS|  |TAMS 0x0000000084000000, 0x0000000084000000| Complete 
|   2|0x0000000084000000, 0x0000000084100000, 0x0000000084100000|100%| O|  |TAMS 0x0000000084100000, 0x0000000084100000| Untracked 
|   3|0x0000000084100000, 0x0000000084200000, 0x0000000084200000|100%| O|  |TAMS 0x0000000084200000, 0x0000000084200000| Untracked 
|   4|0x0000000084200000, 0x0000000084300000, 0x0000000084300000|100%| O|  |TAMS 0x0000000084300000, 0x0000000084300000| Untracked 
|   5|0x0000000084300000, 0x0000000084400000, 0x0000000084400000|100%| O|  |TAMS 0x0000000084400000, 0x0000000084400000| Untracked 
|   6|0x0000000084400000, 0x0000000084500000, 0x0000000084500000|100%| O|  |TAMS 0x0000000084500000, 0x0000000084500000| Untracked 
|   7|0x0000000084500000, 0x0000000084600000, 0x0000000084600000|100%| O|  |TAMS 0x0000000084600000, 0x0000000084600000| Untracked 
|   8|0x0000000084600000, 0x0000000084700000, 0x0000000084700000|100%| O|  |TAMS 0x0000000084700000, 0x0000000084700000| Untracked 
|   9|0x0000000084700000, 0x0000000084800000, 0x0000000084800000|100%| O|  |TAMS 0x0000000084800000, 0x0000000084800000| Untracked 
|  10|0x0000000084800000, 0x0000000084900000, 0x0000000084900000|100%| O|  |TAMS 0x0000000084900000, 0x0000000084900000| Untracked 
|  11|0x0000000084900000, 0x0000000084a00000, 0x0000000084a00000|100%| O|  |TAMS 0x0000000084a00000, 0x0000000084a00000| Untracked 
|  12|0x0000000084a00000, 0x0000000084b00000, 0x0000000084b00000|100%| O|  |TAMS 0x0000000084b00000, 0x0000000084b00000| Untracked 
|  13|0x0000000084b00000, 0x0000000084c00000, 0x0000000084c00000|100%| O|  |TAMS 0x0000000084c00000, 0x0000000084c00000| Untracked 
|  14|0x0000000084c00000, 0x0000000084d00000, 0x0000000084d00000|100%| O|  |TAMS 0x0000000084d00000, 0x0000000084d00000| Untracked 
|  15|0x0000000084d00000, 0x0000000084e00000, 0x0000000084e00000|100%| O|  |TAMS 0x0000000084e00000, 0x0000000084e00000| Untracked 
|  16|0x0000000084e00000, 0x0000000084f00000, 0x0000000084f00000|100%| O|  |TAMS 0x0000000084f00000, 0x0000000084f00000| Untracked 
|  17|0x0000000084f00000, 0x0000000085000000, 0x0000000085000000|100%| O|  |TAMS 0x0000000085000000, 0x0000000085000000| Untracked 
|  18|0x0000000085000000, 0x0000000085100000, 0x0000000085100000|100%| O|  |TAMS 0x0000000085100000, 0x0000000085100000| Untracked 
|  19|0x0000000085100000, 0x0000000085200000, 0x0000000085200000|100%| O|  |TAMS 0x0000000085200000, 0x0000000085200000| Untracked 
|  20|0x0000000085200000, 0x0000000085300000, 0x0000000085300000|100%| O|  |TAMS 0x0000000085300000, 0x0000000085300000| Untracked 
|  21|0x0000000085300000, 0x0000000085400000, 0x0000000085400000|100%| O|  |TAMS 0x0000000085400000, 0x0000000085400000| Untracked 
|  22|0x0000000085400000, 0x0000000085500000, 0x0000000085500000|100%| O|  |TAMS 0x0000000085500000, 0x0000000085500000| Untracked 
|  23|0x0000000085500000, 0x0000000085600000, 0x0000000085600000|100%| O|  |TAMS 0x0000000085600000, 0x0000000085600000| Untracked 
|  24|0x0000000085600000, 0x0000000085700000, 0x0000000085700000|100%| O|  |TAMS 0x0000000085700000, 0x0000000085700000| Untracked 
|  25|0x0000000085700000, 0x0000000085800000, 0x0000000085800000|100%| O|  |TAMS 0x0000000085800000, 0x0000000085800000| Untracked 
|  26|0x0000000085800000, 0x0000000085900000, 0x0000000085900000|100%| O|  |TAMS 0x0000000085900000, 0x0000000085900000| Untracked 
|  27|0x0000000085900000, 0x0000000085a00000, 0x0000000085a00000|100%| O|  |TAMS 0x0000000085a00000, 0x0000000085a00000| Untracked 
|  28|0x0000000085a00000, 0x0000000085b00000, 0x0000000085b00000|100%| O|  |TAMS 0x0000000085b00000, 0x0000000085b00000| Untracked 
|  29|0x0000000085b00000, 0x0000000085c00000, 0x0000000085c00000|100%| O|  |TAMS 0x0000000085bbec00, 0x0000000085c00000| Untracked 
|  30|0x0000000085c00000, 0x0000000085d00000, 0x0000000085d00000|100%| O|  |TAMS 0x0000000085c00000, 0x0000000085d00000| Untracked 
|  31|0x0000000085d00000, 0x0000000085e00000, 0x0000000085e00000|100%| O|  |TAMS 0x0000000085d00000, 0x0000000085e00000| Untracked 
|  32|0x0000000085e00000, 0x0000000085ec4e00, 0x0000000085f00000| 76%| O|  |TAMS 0x0000000085e00000, 0x0000000085ec4e00| Untracked 
|  33|0x0000000085f00000, 0x0000000085f00000, 0x0000000086000000|  0%| F|  |TAMS 0x0000000085f00000, 0x0000000085f00000| Untracked 
|  34|0x0000000086000000, 0x0000000086000000, 0x0000000086100000|  0%| F|  |TAMS 0x0000000086000000, 0x0000000086000000| Untracked 
|  35|0x0000000086100000, 0x0000000086100000, 0x0000000086200000|  0%| F|  |TAMS 0x0000000086100000, 0x0000000086100000| Untracked 
|  36|0x0000000086200000, 0x0000000086200000, 0x0000000086300000|  0%| F|  |TAMS 0x0000000086200000, 0x0000000086200000| Untracked 
|  37|0x0000000086300000, 0x0000000086300000, 0x0000000086400000|  0%| F|  |TAMS 0x0000000086300000, 0x0000000086300000| Untracked 
|  38|0x0000000086400000, 0x0000000086400000, 0x0000000086500000|  0%| F|  |TAMS 0x0000000086400000, 0x0000000086400000| Untracked 
|  39|0x0000000086500000, 0x0000000086500000, 0x0000000086600000|  0%| F|  |TAMS 0x0000000086500000, 0x0000000086500000| Untracked 
|  40|0x0000000086600000, 0x0000000086600000, 0x0000000086700000|  0%| F|  |TAMS 0x0000000086600000, 0x0000000086600000| Untracked 
|  41|0x0000000086700000, 0x0000000086705308, 0x0000000086800000|  2%| S|CS|TAMS 0x0000000086700000, 0x0000000086700000| Complete 
|  42|0x0000000086800000, 0x0000000086900000, 0x0000000086900000|100%| S|CS|TAMS 0x0000000086800000, 0x0000000086800000| Complete 
|  43|0x0000000086900000, 0x0000000086900000, 0x0000000086a00000|  0%| F|  |TAMS 0x0000000086900000, 0x0000000086900000| Untracked 
|  44|0x0000000086a00000, 0x0000000086a00000, 0x0000000086b00000|  0%| F|  |TAMS 0x0000000086a00000, 0x0000000086a00000| Untracked 
|  45|0x0000000086b00000, 0x0000000086b00000, 0x0000000086c00000|  0%| F|  |TAMS 0x0000000086b00000, 0x0000000086b00000| Untracked 
|  46|0x0000000086c00000, 0x0000000086c00000, 0x0000000086d00000|  0%| F|  |TAMS 0x0000000086c00000, 0x0000000086c00000| Untracked 
|  47|0x0000000086d00000, 0x0000000086d00000, 0x0000000086e00000|  0%| F|  |TAMS 0x0000000086d00000, 0x0000000086d00000| Untracked 
|  48|0x0000000086e00000, 0x0000000086e00000, 0x0000000086f00000|  0%| F|  |TAMS 0x0000000086e00000, 0x0000000086e00000| Untracked 
|  67|0x0000000088100000, 0x0000000088100000, 0x0000000088200000|  0%| F|  |TAMS 0x0000000088100000, 0x0000000088100000| Untracked 
|  68|0x0000000088200000, 0x0000000088200000, 0x0000000088300000|  0%| F|  |TAMS 0x0000000088200000, 0x0000000088200000| Untracked 
|  69|0x0000000088300000, 0x0000000088300000, 0x0000000088400000|  0%| F|  |TAMS 0x0000000088300000, 0x0000000088300000| Untracked 
|  70|0x0000000088400000, 0x0000000088400000, 0x0000000088500000|  0%| F|  |TAMS 0x0000000088400000, 0x0000000088400000| Untracked 
|  71|0x0000000088500000, 0x0000000088500000, 0x0000000088600000|  0%| F|  |TAMS 0x0000000088500000, 0x0000000088500000| Untracked 
|  72|0x0000000088600000, 0x000000008863dee8, 0x0000000088700000| 24%| E|  |TAMS 0x0000000088600000, 0x0000000088600000| Complete 
|  73|0x0000000088700000, 0x0000000088800000, 0x0000000088800000|100%| E|  |TAMS 0x0000000088700000, 0x0000000088700000| Complete 
| 125|0x000000008bb00000, 0x000000008bc00000, 0x000000008bc00000|100%| E|CS|TAMS 0x000000008bb00000, 0x000000008bb00000| Complete 

Card table byte_map: [0x000002c1ef690000,0x000002c1efa80000] _byte_map_base: 0x000002c1ef271000

Marking Bits (Prev, Next): (CMBitMap*) 0x000002c1d847ee80, (CMBitMap*) 0x000002c1d847eec0
 Prev Bits: [0x000002c1efe70000, 0x000002c1f1d78000)
 Next Bits: [0x000002c1f1d80000, 0x000002c1f3c88000)

Polling page: 0x000002c1d6200000

Metaspace:

Usage:
  Non-class:     64.06 MB used.
      Class:     10.31 MB used.
       Both:     74.37 MB used.

Virtual space:
  Non-class space:      128.00 MB reserved,      64.38 MB ( 50%) committed,  2 nodes.
      Class space:        1.00 GB reserved,      10.62 MB (  1%) committed,  1 nodes.
             Both:        1.12 GB reserved,      75.00 MB (  7%) committed. 

Chunk freelists:
   Non-Class:  15.12 MB
       Class:  5.20 MB
        Both:  20.33 MB

MaxMetaspaceSize: unlimited
CompressedClassSpaceSize: 1.00 GB
Initial GC threshold: 21.00 MB
Current GC threshold: 121.06 MB
CDS: on
MetaspaceReclaimPolicy: balanced
 - commit_granule_bytes: 65536.
 - commit_granule_words: 8192.
 - virtual_space_node_default_size: 8388608.
 - enlarge_chunks_in_place: 1.
 - new_chunks_are_fully_committed: 0.
 - uncommit_free_chunks: 1.
 - use_allocation_guard: 0.
 - handle_deallocations: 1.


Internal statistics:

num_allocs_failed_limit: 9.
num_arena_births: 974.
num_arena_deaths: 2.
num_vsnodes_births: 3.
num_vsnodes_deaths: 0.
num_space_committed: 1200.
num_space_uncommitted: 0.
num_chunks_returned_to_freelist: 12.
num_chunks_taken_from_freelist: 3857.
num_chunk_merges: 9.
num_chunk_splits: 2739.
num_chunks_enlarged: 2137.
num_inconsistent_stats: 0.

CodeHeap 'non-profiled nmethods': size=120000Kb used=4969Kb max_used=4969Kb free=115030Kb
 bounds [0x000002c1e7a40000, 0x000002c1e7f20000, 0x000002c1eef70000]
CodeHeap 'profiled nmethods': size=120000Kb used=13312Kb max_used=13312Kb free=106688Kb
 bounds [0x000002c1dff70000, 0x000002c1e0c70000, 0x000002c1e74a0000]
CodeHeap 'non-nmethods': size=5760Kb used=1353Kb max_used=1457Kb free=4406Kb
 bounds [0x000002c1e74a0000, 0x000002c1e7710000, 0x000002c1e7a40000]
 total_blobs=7647 nmethods=6960 adapters=598
 compilation: enabled
              stopped_count=0, restarted_count=0
 full_count=0

Compilation events (20 events):
Event: 764.463 Thread 0x000002c1f66e48a0 7669       3       java.util.HashMap::forEach (112 bytes)
Event: 764.463 Thread 0x000002c1f66e48a0 nmethod 7669 0x000002c1e0c65890 code [0x000002c1e0c65a80, 0x000002c1e0c66088]
Event: 764.463 Thread 0x000002c1f66e48a0 7668   !   3       org.postgresql.core.QueryExecutorBase::setTransactionState (47 bytes)
Event: 764.464 Thread 0x000002c1f66e48a0 nmethod 7668 0x000002c1e0c66310 code [0x000002c1e0c66560, 0x000002c1e0c670e8]
Event: 764.464 Thread 0x000002c1f66e48a0 7671       3       java.nio.charset.CharsetDecoder::implReplaceWith (1 bytes)
Event: 764.464 Thread 0x000002c1f66e48a0 nmethod 7671 0x000002c1e0c67490 code [0x000002c1e0c67620, 0x000002c1e0c67738]
Event: 764.464 Thread 0x000002c1f66e48a0 7670       1       org.hibernate.type.descriptor.java.JavaType::isTemporalType (2 bytes)
Event: 764.464 Thread 0x000002c1f66e48a0 nmethod 7670 0x000002c1e7f15f10 code [0x000002c1e7f160a0, 0x000002c1e7f16178]
Event: 764.464 Thread 0x000002c1f66e48a0 7672   !   3       java.nio.CharBuffer::putBuffer (231 bytes)
Event: 764.465 Thread 0x000002c1f66e3280 7674       4       io.jsonwebtoken.lang.Strings::hasLength (19 bytes)
Event: 764.466 Thread 0x000002c1f66e48a0 nmethod 7672 0x000002c1e0c67810 code [0x000002c1e0c67c00, 0x000002c1e0c698c8]
Event: 764.466 Thread 0x000002c1f66e48a0 7673       3       com.fasterxml.jackson.databind.DatabindContext::<init> (5 bytes)
Event: 764.466 Thread 0x000002c1f66e48a0 nmethod 7673 0x000002c1e0c6a690 code [0x000002c1e0c6a840, 0x000002c1e0c6a998]
Event: 764.466 Thread 0x000002c1f66e3280 nmethod 7674 0x000002c1e7f16210 code [0x000002c1e7f163a0, 0x000002c1e7f16478]
Event: 764.466 Thread 0x000002c1f66e3280 7675       4       java.lang.StringCoding::implEncodeAsciiArray (47 bytes)
Event: 764.466 Thread 0x000002c1f66e48a0 7677       3       org.springframework.core.annotation.AnnotatedMethod$AnnotatedMethodParameter::getMethod (8 bytes)
Event: 764.466 Thread 0x000002c1f66e48a0 nmethod 7677 0x000002c1e0c6aa90 code [0x000002c1e0c6ac20, 0x000002c1e0c6ad58]
Event: 764.470 Thread 0x000002c1f66e3280 nmethod 7675 0x000002c1e7f16590 code [0x000002c1e7f16720, 0x000002c1e7f16b18]
Event: 764.470 Thread 0x000002c1f66e3280 7676       4       java.util.AbstractMap::<init> (5 bytes)
Event: 764.471 Thread 0x000002c1f66e3280 nmethod 7676 0x000002c1e7f16c90 code [0x000002c1e7f16e00, 0x000002c1e7f16e78]

GC Heap History (20 events):
Event: 13.145 GC heap before
{Heap before GC invocations=16 (full 0):
 garbage-first heap   total 55296K, used 27221K [0x0000000083e00000, 0x0000000100000000)
  region size 1024K, 5 young (5120K), 3 survivors (3072K)
 Metaspace       used 59869K, committed 60416K, reserved 1114112K
  class space    used 8224K, committed 8448K, reserved 1048576K
}
Event: 13.148 GC heap after
{Heap after GC invocations=17 (full 0):
 garbage-first heap   total 55296K, used 26220K [0x0000000083e00000, 0x0000000100000000)
  region size 1024K, 2 young (2048K), 2 survivors (2048K)
 Metaspace       used 59869K, committed 60416K, reserved 1114112K
  class space    used 8224K, committed 8448K, reserved 1048576K
}
Event: 13.514 GC heap before
{Heap before GC invocations=18 (full 0):
 garbage-first heap   total 55296K, used 44652K [0x0000000083e00000, 0x0000000100000000)
  region size 1024K, 20 young (20480K), 2 survivors (2048K)
 Metaspace       used 60932K, committed 61504K, reserved 1114112K
  class space    used 8458K, committed 8704K, reserved 1048576K
}
Event: 13.516 GC heap after
{Heap after GC invocations=19 (full 0):
 garbage-first heap   total 55296K, used 27433K [0x0000000083e00000, 0x0000000100000000)
  region size 1024K, 3 young (3072K), 3 survivors (3072K)
 Metaspace       used 60932K, committed 61504K, reserved 1114112K
  class space    used 8458K, committed 8704K, reserved 1048576K
}
Event: 13.901 GC heap before
{Heap before GC invocations=19 (full 0):
 garbage-first heap   total 55296K, used 43817K [0x0000000083e00000, 0x0000000100000000)
  region size 1024K, 20 young (20480K), 3 survivors (3072K)
 Metaspace       used 62973K, committed 63552K, reserved 1114112K
  class space    used 8742K, committed 9024K, reserved 1048576K
}
Event: 13.904 GC heap after
{Heap after GC invocations=20 (full 0):
 garbage-first heap   total 55296K, used 28628K [0x0000000083e00000, 0x0000000100000000)
  region size 1024K, 3 young (3072K), 3 survivors (3072K)
 Metaspace       used 62973K, committed 63552K, reserved 1114112K
  class space    used 8742K, committed 9024K, reserved 1048576K
}
Event: 14.180 GC heap before
{Heap before GC invocations=20 (full 0):
 garbage-first heap   total 55296K, used 42964K [0x0000000083e00000, 0x0000000100000000)
  region size 1024K, 18 young (18432K), 3 survivors (3072K)
 Metaspace       used 64311K, committed 64896K, reserved 1114112K
  class space    used 8933K, committed 9216K, reserved 1048576K
}
Event: 14.184 GC heap after
{Heap after GC invocations=21 (full 0):
 garbage-first heap   total 55296K, used 29671K [0x0000000083e00000, 0x0000000100000000)
  region size 1024K, 3 young (3072K), 3 survivors (3072K)
 Metaspace       used 64311K, committed 64896K, reserved 1114112K
  class space    used 8933K, committed 9216K, reserved 1048576K
}
Event: 95.994 GC heap before
{Heap before GC invocations=22 (full 0):
 garbage-first heap   total 55296K, used 45031K [0x0000000083e00000, 0x0000000100000000)
  region size 1024K, 18 young (18432K), 3 survivors (3072K)
 Metaspace       used 65576K, committed 66176K, reserved 1114112K
  class space    used 9112K, committed 9408K, reserved 1048576K
}
Event: 96.009 GC heap after
{Heap after GC invocations=23 (full 0):
 garbage-first heap   total 55296K, used 30502K [0x0000000083e00000, 0x0000000100000000)
  region size 1024K, 2 young (2048K), 2 survivors (2048K)
 Metaspace       used 65576K, committed 66176K, reserved 1114112K
  class space    used 9112K, committed 9408K, reserved 1048576K
}
Event: 364.373 GC heap before
{Heap before GC invocations=23 (full 0):
 garbage-first heap   total 55296K, used 45862K [0x0000000083e00000, 0x0000000100000000)
  region size 1024K, 17 young (17408K), 2 survivors (2048K)
 Metaspace       used 67428K, committed 68032K, reserved 1114112K
  class space    used 9336K, committed 9600K, reserved 1048576K
}
Event: 364.386 GC heap after
{Heap after GC invocations=24 (full 0):
 garbage-first heap   total 55296K, used 30994K [0x0000000083e00000, 0x0000000100000000)
  region size 1024K, 2 young (2048K), 2 survivors (2048K)
 Metaspace       used 67428K, committed 68032K, reserved 1114112K
  class space    used 9336K, committed 9600K, reserved 1048576K
}
Event: 366.161 GC heap before
{Heap before GC invocations=25 (full 0):
 garbage-first heap   total 55296K, used 44306K [0x0000000083e00000, 0x0000000100000000)
  region size 1024K, 16 young (16384K), 2 survivors (2048K)
 Metaspace       used 71367K, committed 71936K, reserved 1114112K
  class space    used 9926K, committed 10176K, reserved 1048576K
}
Event: 366.164 GC heap after
{Heap after GC invocations=26 (full 0):
 garbage-first heap   total 55296K, used 31477K [0x0000000083e00000, 0x0000000100000000)
  region size 1024K, 1 young (1024K), 1 survivors (1024K)
 Metaspace       used 71367K, committed 71936K, reserved 1114112K
  class space    used 9926K, committed 10176K, reserved 1048576K
}
Event: 430.603 GC heap before
{Heap before GC invocations=26 (full 0):
 garbage-first heap   total 55296K, used 44789K [0x0000000083e00000, 0x0000000100000000)
  region size 1024K, 15 young (15360K), 1 survivors (1024K)
 Metaspace       used 73495K, committed 74112K, reserved 1114112K
  class space    used 10263K, committed 10560K, reserved 1048576K
}
Event: 430.611 GC heap after
{Heap after GC invocations=27 (full 0):
 garbage-first heap   total 55296K, used 33514K [0x0000000083e00000, 0x0000000100000000)
  region size 1024K, 2 young (2048K), 2 survivors (2048K)
 Metaspace       used 73495K, committed 74112K, reserved 1114112K
  class space    used 10263K, committed 10560K, reserved 1048576K
}
Event: 582.571 GC heap before
{Heap before GC invocations=28 (full 0):
 garbage-first heap   total 58368K, used 44778K [0x0000000083e00000, 0x0000000100000000)
  region size 1024K, 13 young (13312K), 2 survivors (2048K)
 Metaspace       used 74487K, committed 75136K, reserved 1114112K
  class space    used 10378K, committed 10688K, reserved 1048576K
}
Event: 582.595 GC heap after
{Heap after GC invocations=29 (full 0):
 garbage-first heap   total 58368K, used 34392K [0x0000000083e00000, 0x0000000100000000)
  region size 1024K, 1 young (1024K), 1 survivors (1024K)
 Metaspace       used 74487K, committed 75136K, reserved 1114112K
  class space    used 10378K, committed 10688K, reserved 1048576K
}
Event: 764.443 GC heap before
{Heap before GC invocations=29 (full 0):
 garbage-first heap   total 58368K, used 47704K [0x0000000083e00000, 0x0000000100000000)
  region size 1024K, 14 young (14336K), 1 survivors (1024K)
 Metaspace       used 75665K, committed 76352K, reserved 1179648K
  class space    used 10500K, committed 10816K, reserved 1048576K
}
Event: 764.446 GC heap after
{Heap after GC invocations=30 (full 0):
 garbage-first heap   total 58368K, used 34600K [0x0000000083e00000, 0x0000000100000000)
  region size 1024K, 2 young (2048K), 2 survivors (2048K)
 Metaspace       used 75665K, committed 76352K, reserved 1179648K
  class space    used 10500K, committed 10816K, reserved 1048576K
}

Dll operation events (13 events):
Event: 0.075 Loaded shared library C:\Users\MSS-125\.jdks\ms-17.0.16\bin\java.dll
Event: 0.093 Loaded shared library C:\Users\MSS-125\.jdks\ms-17.0.16\bin\jsvml.dll
Event: 0.257 Loaded shared library C:\Users\MSS-125\.jdks\ms-17.0.16\bin\zip.dll
Event: 0.262 Loaded shared library C:\Users\MSS-125\.jdks\ms-17.0.16\bin\instrument.dll
Event: 0.275 Loaded shared library C:\Users\MSS-125\.jdks\ms-17.0.16\bin\net.dll
Event: 0.289 Loaded shared library C:\Users\MSS-125\.jdks\ms-17.0.16\bin\nio.dll
Event: 0.295 Loaded shared library C:\Users\MSS-125\.jdks\ms-17.0.16\bin\zip.dll
Event: 0.647 Loaded shared library C:\Users\MSS-125\.jdks\ms-17.0.16\bin\extnet.dll
Event: 0.693 Loaded shared library C:\Users\MSS-125\.jdks\ms-17.0.16\bin\jimage.dll
Event: 1.073 Loaded shared library C:\Users\MSS-125\.jdks\ms-17.0.16\bin\management.dll
Event: 1.079 Loaded shared library C:\Users\MSS-125\.jdks\ms-17.0.16\bin\management_ext.dll
Event: 4.542 Loaded shared library C:\Users\MSS-125\.jdks\ms-17.0.16\bin\sunmscapi.dll
Event: 7.833 Loaded shared library C:\Users\MSS-125\.jdks\ms-17.0.16\bin\verify.dll

Deoptimization events (20 events):
Event: 755.153 Thread 0x000002c1fc3c0290 Uncommon trap: trap_request=0xffffffc6 fr.pc=0x000002c1e7e9fb0c relative=0x00000000000001cc
Event: 755.153 Thread 0x000002c1fc3c0290 Uncommon trap: reason=bimorphic_or_optimized_type_check action=maybe_recompile pc=0x000002c1e7e9fb0c method=java.util.regex.Pattern$CharPredicate.lambda$negate$3(I)Z @ 2 c2
Event: 755.153 Thread 0x000002c1fc3c0290 DEOPT PACKING pc=0x000002c1e7e9fb0c sp=0x000000e8431f85c0
Event: 755.153 Thread 0x000002c1fc3c0290 DEOPT UNPACKING pc=0x000002c1e74f69a3 sp=0x000000e8431f84f0 mode 2
Event: 755.153 Thread 0x000002c1fc3c0290 Uncommon trap: trap_request=0xffffff66 fr.pc=0x000002c1e7eac9f4 relative=0x0000000000000554
Event: 755.153 Thread 0x000002c1fc3c0290 Uncommon trap: reason=speculate_class_check action=maybe_recompile pc=0x000002c1e7eac9f4 method=java.util.regex.Pattern$CharPredicate.lambda$and$0(Ljava/util/regex/Pattern$CharPredicate;I)Z @ 2 c2
Event: 755.153 Thread 0x000002c1fc3c0290 DEOPT PACKING pc=0x000002c1e7eac9f4 sp=0x000000e8431f8860
Event: 755.153 Thread 0x000002c1fc3c0290 DEOPT UNPACKING pc=0x000002c1e74f69a3 sp=0x000000e8431f8788 mode 2
Event: 755.189 Thread 0x000002c1fc3c0290 Uncommon trap: trap_request=0xffffffde fr.pc=0x000002c1e7c3390c relative=0x00000000000000cc
Event: 755.189 Thread 0x000002c1fc3c0290 Uncommon trap: reason=class_check action=maybe_recompile pc=0x000002c1e7c3390c method=java.util.concurrent.ConcurrentMap.computeIfAbsent(Ljava/lang/Object;Ljava/util/function/Function;)Ljava/lang/Object; @ 7 c2
Event: 755.189 Thread 0x000002c1fc3c0290 DEOPT PACKING pc=0x000002c1e7c3390c sp=0x000000e8431f7780
Event: 755.189 Thread 0x000002c1fc3c0290 DEOPT UNPACKING pc=0x000002c1e74f69a3 sp=0x000000e8431f7718 mode 2
Event: 755.220 Thread 0x000002c1fc3c0290 Uncommon trap: trap_request=0xffffffdc fr.pc=0x000002c1e7ef4254 relative=0x0000000000000234
Event: 755.220 Thread 0x000002c1fc3c0290 Uncommon trap: reason=class_check action=make_not_entrant pc=0x000002c1e7ef4254 method=java.util.ArrayList.toArray([Ljava/lang/Object;)[Ljava/lang/Object; @ 21 c2
Event: 755.220 Thread 0x000002c1fc3c0290 DEOPT PACKING pc=0x000002c1e7ef4254 sp=0x000000e8431f88f0
Event: 755.220 Thread 0x000002c1fc3c0290 DEOPT UNPACKING pc=0x000002c1e74f69a3 sp=0x000000e8431f88b0 mode 2
Event: 759.436 Thread 0x000002c1fc3bf870 DEOPT PACKING pc=0x000002c1e08ace20 sp=0x000000e8434fce30
Event: 759.436 Thread 0x000002c1fc3bf870 DEOPT UNPACKING pc=0x000002c1e74f7143 sp=0x000000e8434fc2e0 mode 0
Event: 764.465 Thread 0x000002c1fc3c11c0 DEOPT PACKING pc=0x000002c1e09cc7f7 sp=0x000000e8436fc5e0
Event: 764.465 Thread 0x000002c1fc3c11c0 DEOPT UNPACKING pc=0x000002c1e74f7143 sp=0x000000e8436fba50 mode 0

Classes loaded (20 events):
Event: 430.516 Loading class javax/crypto/spec/PSource$PSpecified
Event: 430.516 Loading class javax/crypto/spec/PSource$PSpecified done
Event: 430.517 Loading class javax/crypto/spec/OAEPParameterSpec
Event: 430.517 Loading class javax/crypto/spec/OAEPParameterSpec done
Event: 430.529 Loading class java/util/zip/DeflaterOutputStream
Event: 430.530 Loading class java/util/zip/DeflaterOutputStream done
Event: 430.532 Loading class java/util/zip/GZIPOutputStream
Event: 430.533 Loading class java/util/zip/GZIPOutputStream done
Event: 430.533 Loading class java/util/zip/GZIPInputStream
Event: 430.534 Loading class java/util/zip/GZIPInputStream done
Event: 430.572 Loading class sun/nio/cs/US_ASCII$Encoder
Event: 430.573 Loading class sun/nio/cs/US_ASCII$Encoder done
Event: 430.573 Loading class sun/nio/cs/Surrogate$Parser
Event: 430.574 Loading class sun/nio/cs/Surrogate$Parser done
Event: 430.574 Loading class sun/nio/cs/Surrogate
Event: 430.575 Loading class sun/nio/cs/Surrogate done
Event: 430.655 Loading class sun/reflect/generics/tree/IntSignature
Event: 430.656 Loading class sun/reflect/generics/tree/IntSignature done
Event: 430.747 Loading class java/util/function/LongSupplier
Event: 430.748 Loading class java/util/function/LongSupplier done

Classes unloaded (1 events):
Event: 364.435 Thread 0x000002c1f66b6780 Unloading class 0x000002c181884800 'jdk/internal/reflect/GeneratedSerializationConstructorAccessor1'

Classes redefined (0 events):
No events

Internal exceptions (20 events):
Event: 13.373 Thread 0x000002c1f67e91c0 Exception <a 'java/lang/reflect/InvocationTargetException'{0x00000000866b8cc8}> (0x00000000866b8cc8) 
thrown [s\src\hotspot\share\runtime\reflection.cpp, line 1128]
Event: 13.391 Thread 0x000002c1f67e91c0 Exception <a 'java/lang/reflect/InvocationTargetException'{0x00000000866eb2c8}> (0x00000000866eb2c8) 
thrown [s\src\hotspot\share\runtime\reflection.cpp, line 1128]
Event: 13.434 Thread 0x000002c1f67e91c0 Exception <a 'java/lang/NoSuchMethodError'{0x00000000863a23f0}: 'int java.lang.invoke.DirectMethodHandle$Holder.invokeStaticInit(java.lang.Object, int, java.lang.Object, java.lang.Object, java.lang.Object, java.lang.Object)'> (0x00000000863a23f0) 
thrown [s\src\hotspot\share\interpreter\linkResolver.cpp, line 759]
Event: 13.919 Thread 0x000002c1f67e91c0 Exception <a 'java/lang/IncompatibleClassChangeError'{0x0000000088746690}: Found class java.lang.Object, but interface was expected> (0x0000000088746690) 
thrown [s\src\hotspot\share\interpreter\linkResolver.cpp, line 826]
Event: 14.156 Thread 0x000002c1f67e91c0 Exception <a 'java/lang/IncompatibleClassChangeError'{0x000000008662c940}: Found class java.lang.Object, but interface was expected> (0x000000008662c940) 
thrown [s\src\hotspot\share\interpreter\linkResolver.cpp, line 826]
Event: 14.173 Thread 0x000002c1f67e91c0 Implicit null exception at 0x000002c1e7bd4d34 to 0x000002c1e7bd4dac
Event: 14.233 Thread 0x000002c1f67e91c0 Exception <a 'java/lang/NoSuchMethodError'{0x00000000887f14c0}: 'java.lang.Object java.lang.invoke.DirectMethodHandle$Holder.invokeSpecial(java.lang.Object, java.lang.Object, java.lang.Object, java.lang.Object, java.lang.Object, java.lang.Object, java.lang.Object, java.lang.Object, java.lang.Object, java.lang.Object, java.lang.Object)'> (0x00000000887f14c0) 
thrown [s\src\hotspot\share\interpreter\linkResolver.cpp, line 759]
Event: 14.234 Thread 0x000002c1f67e91c0 Exception <a 'java/lang/NoSuchMethodError'{0x00000000887f58a8}: 'java.lang.Object java.lang.invoke.Invokers$Holder.invoke_MT(java.lang.Object, java.lang.Object, java.lang.Object, java.lang.Object, java.lang.Object, java.lang.Object, java.lang.Object, java.lang.Object, java.lang.Object, java.lang.Object, java.lang.Object)'> (0x00000000887f58a8) 
thrown [s\src\hotspot\share\interpreter\linkResolver.cpp, line 759]
Event: 14.379 Thread 0x000002c1f67e91c0 Exception <a 'java/lang/NoSuchMethodError'{0x0000000086a56f48}: 'java.lang.Object java.lang.invoke.DirectMethodHandle$Holder.newInvokeSpecial(java.lang.Object, java.lang.Object, int, java.lang.Object, java.lang.Object)'> (0x0000000086a56f48) 
thrown [s\src\hotspot\share\interpreter\linkResolver.cpp, line 759]
Event: 105.407 Thread 0x000002c1fc3c2600 Exception <a 'java/lang/NoSuchMethodError'{0x000000008bbc60e8}: 'java.lang.Object java.lang.invoke.DirectMethodHandle$Holder.invokeStaticInit(java.lang.Object, java.lang.Object, java.lang.Object, int, int)'> (0x000000008bbc60e8) 
thrown [s\src\hotspot\share\interpreter\linkResolver.cpp, line 759]
Event: 105.468 Thread 0x000002c1fc3bd500 Exception <a 'java/lang/NoSuchMethodError'{0x0000000088621ce0}: 'java.lang.Object java.lang.invoke.DirectMethodHandle$Holder.invokeSpecial(java.lang.Object, java.lang.Object, java.lang.Object, java.lang.Object, java.lang.Object, long)'> (0x0000000088621ce0) 
thrown [s\src\hotspot\share\interpreter\linkResolver.cpp, line 759]
Event: 105.469 Thread 0x000002c1fc3bd500 Exception <a 'java/lang/NoSuchMethodError'{0x00000000886256d8}: 'java.lang.Object java.lang.invoke.Invokers$Holder.linkToTargetMethod(java.lang.Object, java.lang.Object, java.lang.Object, long, java.lang.Object)'> (0x00000000886256d8) 
thrown [s\src\hotspot\share\interpreter\linkResolver.cpp, line 759]
Event: 105.537 Thread 0x000002c1fc3bd500 Exception <a 'java/lang/NoSuchMethodError'{0x00000000885ec4e0}: 'java.lang.Object java.lang.invoke.DirectMethodHandle$Holder.invokeStatic(java.lang.Object, int, int)'> (0x00000000885ec4e0) 
thrown [s\src\hotspot\share\interpreter\linkResolver.cpp, line 759]
Event: 365.870 Thread 0x000002c1fc3c0cb0 Exception <a 'java/lang/NoSuchMethodError'{0x00000000869b8938}: 'void java.lang.invoke.DirectMethodHandle$Holder.invokeSpecialIFC(java.lang.Object, java.lang.Object, int, java.lang.Object, java.lang.Object, java.lang.Object, java.lang.Object)'> (0x00000000869b8938) 
thrown [s\src\hotspot\share\interpreter\linkResolver.cpp, line 759]
Event: 430.713 Thread 0x000002c1fc3be430 Exception <a 'java/lang/NoSuchMethodError'{0x000000008874ece0}: 'java.lang.Object java.lang.invoke.DirectMethodHandle$Holder.invokeInterface(java.lang.Object, java.lang.Object, java.lang.Object, java.lang.Object)'> (0x000000008874ece0) 
thrown [s\src\hotspot\share\interpreter\linkResolver.cpp, line 759]
Event: 430.717 Thread 0x000002c1fc3be430 Exception <a 'java/lang/IncompatibleClassChangeError'{0x000000008876b1a0}: Found class java.lang.Object, but interface was expected> (0x000000008876b1a0) 
thrown [s\src\hotspot\share\interpreter\linkResolver.cpp, line 826]
Event: 430.736 Thread 0x000002c1fc3be430 Exception <a 'java/lang/IncompatibleClassChangeError'{0x00000000887b22d8}: Found class java.lang.Object, but interface was expected> (0x00000000887b22d8) 
thrown [s\src\hotspot\share\interpreter\linkResolver.cpp, line 826]
Event: 430.747 Thread 0x000002c1fc3be430 Exception <a 'java/lang/IncompatibleClassChangeError'{0x00000000887f1fd0}: Found class java.lang.Object, but interface was expected> (0x00000000887f1fd0) 
thrown [s\src\hotspot\share\interpreter\linkResolver.cpp, line 826]
Event: 755.216 Thread 0x000002c1fc3c0290 Exception <a 'java/lang/NoSuchMethodError'{0x0000000086d78fc8}: 'java.lang.Object java.lang.invoke.DirectMethodHandle$Holder.invokeInterface(java.lang.Object, java.lang.Object, int)'> (0x0000000086d78fc8) 
thrown [s\src\hotspot\share\interpreter\linkResolver.cpp, line 759]
Event: 755.276 Thread 0x000002c1fc3c0290 Exception <a 'java/lang/NoSuchMethodError'{0x0000000086cf8ea0}: 'int java.lang.invoke.DirectMethodHandle$Holder.invokeStatic(java.lang.Object, java.lang.Object, int, int)'> (0x0000000086cf8ea0) 
thrown [s\src\hotspot\share\interpreter\linkResolver.cpp, line 759]

VM Operations (20 events):
Event: 732.711 Executing VM operation: Cleanup
Event: 732.711 Executing VM operation: Cleanup done
Event: 735.727 Executing VM operation: Cleanup
Event: 735.727 Executing VM operation: Cleanup done
Event: 755.219 Executing VM operation: HandshakeAllThreads
Event: 755.219 Executing VM operation: HandshakeAllThreads done
Event: 755.219 Executing VM operation: Cleanup
Event: 755.219 Executing VM operation: Cleanup done
Event: 755.256 Executing VM operation: HandshakeAllThreads
Event: 755.256 Executing VM operation: HandshakeAllThreads done
Event: 756.254 Executing VM operation: Cleanup
Event: 756.254 Executing VM operation: Cleanup done
Event: 758.259 Executing VM operation: Cleanup
Event: 758.259 Executing VM operation: Cleanup done
Event: 759.276 Executing VM operation: Cleanup
Event: 759.277 Executing VM operation: Cleanup done
Event: 761.291 Executing VM operation: Cleanup
Event: 761.291 Executing VM operation: Cleanup done
Event: 764.443 Executing VM operation: G1CollectForAllocation
Event: 764.446 Executing VM operation: G1CollectForAllocation done

Memory protections (0 events):
No events

Nmethod flushes (20 events):
Event: 9.779 Thread 0x000002c1f66ede30 flushing  nmethod 0x000002c1e07aad90
Event: 9.779 Thread 0x000002c1f66ede30 flushing  nmethod 0x000002c1e07d1210
Event: 9.779 Thread 0x000002c1f66ede30 flushing  nmethod 0x000002c1e07e2810
Event: 9.779 Thread 0x000002c1f66ede30 flushing  nmethod 0x000002c1e080f610
Event: 9.779 Thread 0x000002c1f66ede30 flushing  nmethod 0x000002c1e081ce10
Event: 9.779 Thread 0x000002c1f66ede30 flushing  nmethod 0x000002c1e0820610
Event: 9.779 Thread 0x000002c1f66ede30 flushing  nmethod 0x000002c1e0822b10
Event: 9.779 Thread 0x000002c1f66ede30 flushing  nmethod 0x000002c1e082d790
Event: 9.779 Thread 0x000002c1f66ede30 flushing  nmethod 0x000002c1e08f2b10
Event: 9.779 Thread 0x000002c1f66ede30 flushing  nmethod 0x000002c1e08f3010
Event: 9.779 Thread 0x000002c1f66ede30 flushing  nmethod 0x000002c1e08f3f90
Event: 9.779 Thread 0x000002c1f66ede30 flushing  nmethod 0x000002c1e08f7110
Event: 9.779 Thread 0x000002c1f66ede30 flushing  nmethod 0x000002c1e08fc410
Event: 9.779 Thread 0x000002c1f66ede30 flushing  nmethod 0x000002c1e08fda90
Event: 9.779 Thread 0x000002c1f66ede30 flushing  nmethod 0x000002c1e0902490
Event: 9.779 Thread 0x000002c1f66ede30 flushing osr nmethod 0x000002c1e090ce90
Event: 18.080 Thread 0x000002c1f66ede30 flushing  nmethod 0x000002c1e7d47610
Event: 18.085 Thread 0x000002c1f66ede30 flushing  nmethod 0x000002c1e08c2710
Event: 18.085 Thread 0x000002c1f66ede30 flushing  nmethod 0x000002c1e08fed90
Event: 18.085 Thread 0x000002c1f66ede30 flushing  nmethod 0x000002c1e0900110

Events (20 events):
Event: 14.399 Thread 0x000002c1f67e91c0 Thread added: 0x000002c1fc3c11c0
Event: 14.399 Thread 0x000002c1f67e91c0 Thread added: 0x000002c1fc3be430
Event: 14.399 Thread 0x000002c1f67e91c0 Thread added: 0x000002c1fc3be940
Event: 14.415 Thread 0x000002c1f67e91c0 Thread added: 0x000002c1fc3c1be0
Event: 14.416 Thread 0x000002c1f67e91c0 Thread added: 0x000002c1fc3c2600
Event: 14.437 Thread 0x000002c1f67e91c0 Thread exited: 0x000002c1f67e91c0
Event: 14.440 Thread 0x000002c1f67eab10 Thread exited: 0x000002c1f67eab10
Event: 14.440 Thread 0x000002c1d8421360 Thread exited: 0x000002c1d8421360
Event: 14.440 Thread 0x000002c1fc3c16d0 Thread added: 0x000002c1fc3c16d0
Event: 15.376 Thread 0x000002c1fea256d0 Thread exited: 0x000002c1fea256d0
Event: 15.376 Thread 0x000002c1fea266c0 Thread exited: 0x000002c1fea266c0
Event: 15.935 Thread 0x000002c1f67eb020 Thread exited: 0x000002c1f67eb020
Event: 105.565 Thread 0x000002c1f66e48a0 Thread added: 0x000002c1fea26170
Event: 105.715 Thread 0x000002c1fea26170 Thread exited: 0x000002c1fea26170
Event: 365.492 Thread 0x000002c1f66e3280 Thread added: 0x000002c1fea24190
Event: 365.962 Thread 0x000002c1fea24190 Thread exited: 0x000002c1fea24190
Event: 430.630 Thread 0x000002c1f66e48a0 Thread added: 0x000002c1fea24190
Event: 430.630 Thread 0x000002c1f66e48a0 Thread added: 0x000002c1fea266c0
Event: 433.603 Thread 0x000002c1fea266c0 Thread exited: 0x000002c1fea266c0
Event: 437.899 Thread 0x000002c1fea24190 Thread exited: 0x000002c1fea24190


Dynamic libraries:
0x00007ff779b40000 - 0x00007ff779b4e000 	C:\Users\MSS-125\.jdks\ms-17.0.16\bin\java.exe
0x00007ff9170a0000 - 0x00007ff917309000 	C:\WINDOWS\SYSTEM32\ntdll.dll
0x00007ff915d20000 - 0x00007ff915de9000 	C:\WINDOWS\System32\KERNEL32.DLL
0x00007ff914200000 - 0x00007ff9145f3000 	C:\WINDOWS\System32\KERNELBASE.dll
0x00007ff914730000 - 0x00007ff91487b000 	C:\WINDOWS\System32\ucrtbase.dll
0x00007ff9049a0000 - 0x00007ff9049be000 	C:\Users\MSS-125\.jdks\ms-17.0.16\bin\VCRUNTIME140.dll
0x00007ff910e40000 - 0x00007ff910e58000 	C:\Users\MSS-125\.jdks\ms-17.0.16\bin\jli.dll
0x00007ff916690000 - 0x00007ff916854000 	C:\WINDOWS\System32\USER32.dll
0x00007ff914940000 - 0x00007ff914967000 	C:\WINDOWS\System32\win32u.dll
0x00007ff915aa0000 - 0x00007ff915acb000 	C:\WINDOWS\System32\GDI32.dll
0x00007ff914600000 - 0x00007ff91472d000 	C:\WINDOWS\System32\gdi32full.dll
0x00007ff914c10000 - 0x00007ff914cb3000 	C:\WINDOWS\System32\msvcp_win.dll
0x00007ff8ddb80000 - 0x00007ff8dde13000 	C:\WINDOWS\WinSxS\amd64_microsoft.windows.common-controls_6595b64144ccf1df_6.0.26100.5074_none_3e0d6f78e32fd63f\COMCTL32.dll
0x00007ff915ba0000 - 0x00007ff915c49000 	C:\WINDOWS\System32\msvcrt.dll
0x00007ff916410000 - 0x00007ff91643f000 	C:\WINDOWS\System32\IMM32.DLL
0x00007ff910e00000 - 0x00007ff910e0c000 	C:\Users\MSS-125\.jdks\ms-17.0.16\bin\vcruntime140_1.dll
0x00007ff8f7050000 - 0x00007ff8f70d9000 	C:\Users\MSS-125\.jdks\ms-17.0.16\bin\msvcp140.dll
0x00007ff852460000 - 0x00007ff8530da000 	C:\Users\MSS-125\.jdks\ms-17.0.16\bin\server\jvm.dll
0x00007ff915ae0000 - 0x00007ff915b94000 	C:\WINDOWS\System32\ADVAPI32.dll
0x00007ff915670000 - 0x00007ff915716000 	C:\WINDOWS\System32\sechost.dll
0x00007ff915720000 - 0x00007ff915838000 	C:\WINDOWS\System32\RPCRT4.dll
0x00007ff916fb0000 - 0x00007ff917024000 	C:\WINDOWS\System32\WS2_32.dll
0x00007ff914060000 - 0x00007ff9140be000 	C:\WINDOWS\SYSTEM32\POWRPROF.dll
0x00007ff9042b0000 - 0x00007ff9042e5000 	C:\WINDOWS\SYSTEM32\WINMM.dll
0x00007ff90dfb0000 - 0x00007ff90dfbb000 	C:\WINDOWS\SYSTEM32\VERSION.dll
0x00007ff914040000 - 0x00007ff914054000 	C:\WINDOWS\SYSTEM32\UMPDC.dll
0x00007ff912fa0000 - 0x00007ff912fbb000 	C:\WINDOWS\SYSTEM32\kernel.appcore.dll
0x00007ff910de0000 - 0x00007ff910dea000 	C:\Users\MSS-125\.jdks\ms-17.0.16\bin\jimage.dll
0x00007ff904460000 - 0x00007ff9046a2000 	C:\WINDOWS\SYSTEM32\DBGHELP.DLL
0x00007ff914e40000 - 0x00007ff9151bb000 	C:\WINDOWS\System32\combase.dll
0x00007ff916010000 - 0x00007ff9160e7000 	C:\WINDOWS\System32\OLEAUT32.dll
0x00007ff904380000 - 0x00007ff9043bd000 	C:\WINDOWS\SYSTEM32\dbgcore.DLL
0x00007ff914ae0000 - 0x00007ff914b79000 	C:\WINDOWS\System32\bcryptPrimitives.dll
0x00007ff910d90000 - 0x00007ff910d9f000 	C:\Users\MSS-125\.jdks\ms-17.0.16\bin\instrument.dll
0x00007ff902fc0000 - 0x00007ff902fe6000 	C:\Users\MSS-125\.jdks\ms-17.0.16\bin\java.dll
0x00007ff8f6f70000 - 0x00007ff8f7046000 	C:\Users\MSS-125\.jdks\ms-17.0.16\bin\jsvml.dll
0x00007ff916860000 - 0x00007ff916fad000 	C:\WINDOWS\System32\SHELL32.dll
0x00007ff914970000 - 0x00007ff914adc000 	C:\WINDOWS\System32\wintypes.dll
0x00007ff911c30000 - 0x00007ff912489000 	C:\WINDOWS\SYSTEM32\windows.storage.dll
0x00007ff916590000 - 0x00007ff916680000 	C:\WINDOWS\System32\SHCORE.dll
0x00007ff915e00000 - 0x00007ff915e62000 	C:\WINDOWS\System32\shlwapi.dll
0x00007ff914120000 - 0x00007ff914149000 	C:\WINDOWS\SYSTEM32\profapi.dll
0x00007ff902f60000 - 0x00007ff902f78000 	C:\Users\MSS-125\.jdks\ms-17.0.16\bin\zip.dll
0x00007ff903100000 - 0x00007ff90311b000 	C:\Users\MSS-125\.jdks\ms-17.0.16\bin\net.dll
0x00007ff90d820000 - 0x00007ff90d93f000 	C:\WINDOWS\SYSTEM32\WINHTTP.dll
0x00007ff913500000 - 0x00007ff91356b000 	C:\WINDOWS\system32\mswsock.dll
0x00007ff902f80000 - 0x00007ff902f96000 	C:\Users\MSS-125\.jdks\ms-17.0.16\bin\nio.dll
0x00007ff902f50000 - 0x00007ff902f59000 	C:\Users\MSS-125\.jdks\ms-17.0.16\bin\extnet.dll
0x00007ff902f30000 - 0x00007ff902f3a000 	C:\Users\MSS-125\.jdks\ms-17.0.16\bin\management.dll
0x00007ff902f20000 - 0x00007ff902f2c000 	C:\Users\MSS-125\.jdks\ms-17.0.16\bin\management_ext.dll
0x00007ff915ad0000 - 0x00007ff915ad8000 	C:\WINDOWS\System32\PSAPI.DLL
0x00007ff902f40000 - 0x00007ff902f4e000 	C:\Users\MSS-125\.jdks\ms-17.0.16\bin\sunmscapi.dll
0x00007ff914cc0000 - 0x00007ff914e37000 	C:\WINDOWS\System32\CRYPT32.dll
0x00007ff913a20000 - 0x00007ff913a50000 	C:\WINDOWS\SYSTEM32\ncrypt.dll
0x00007ff9139d0000 - 0x00007ff913a0f000 	C:\WINDOWS\SYSTEM32\NTASN1.dll
0x00007ff9138d0000 - 0x00007ff9138eb000 	C:\WINDOWS\SYSTEM32\CRYPTSP.dll
0x00007ff912f00000 - 0x00007ff912f3b000 	C:\WINDOWS\system32\rsaenh.dll
0x00007ff9135a0000 - 0x00007ff9135cb000 	C:\WINDOWS\SYSTEM32\USERENV.dll
0x00007ff9140f0000 - 0x00007ff914116000 	C:\WINDOWS\SYSTEM32\bcrypt.dll
0x00007ff913730000 - 0x00007ff91373c000 	C:\WINDOWS\SYSTEM32\CRYPTBASE.dll
0x00007ff912750000 - 0x00007ff912784000 	C:\WINDOWS\SYSTEM32\IPHLPAPI.DLL
0x00007ff916520000 - 0x00007ff91652a000 	C:\WINDOWS\System32\NSI.dll
0x00007ff90e000000 - 0x00007ff90e01e000 	C:\WINDOWS\SYSTEM32\dhcpcsvc6.DLL
0x00007ff90df80000 - 0x00007ff90dfa3000 	C:\WINDOWS\SYSTEM32\dhcpcsvc.DLL
0x00007ff912790000 - 0x00007ff9128b6000 	C:\WINDOWS\SYSTEM32\DNSAPI.dll
0x00007ff902ed0000 - 0x00007ff902ee0000 	C:\Users\MSS-125\.jdks\ms-17.0.16\bin\verify.dll
0x00007ff908060000 - 0x00007ff90806b000 	C:\Windows\System32\rasadhlp.dll
0x00007ff90e820000 - 0x00007ff90e8a6000 	C:\WINDOWS\System32\fwpuclnt.dll
0x00007ff88c850000 - 0x00007ff88c858000 	C:\WINDOWS\system32\wshunix.dll

dbghelp: loaded successfully - version: 4.0.5 - missing functions: none
symbol engine: initialized successfully - sym options: 0x614 - pdb path: .;C:\Users\MSS-125\.jdks\ms-17.0.16\bin;C:\WINDOWS\SYSTEM32;C:\WINDOWS\WinSxS\amd64_microsoft.windows.common-controls_6595b64144ccf1df_6.0.26100.5074_none_3e0d6f78e32fd63f;C:\Users\MSS-125\.jdks\ms-17.0.16\bin\server

VM Arguments:
jvm_args: -javaagent:C:\Program Files\JetBrains\IntelliJ IDEA Community Edition 2025.2.1\lib\idea_rt.jar=56103 -Dfile.encoding=UTF-8 
java_command: com.employee.system.EmployeeManagementSystemApplication
java_class_path (initial): D:\Internal Project\EmployeeManagementSystem\target\classes;C:\Users\MSS-125\.m2\repository\org\springframework\boot\spring-boot-starter-data-jpa\3.5.5\spring-boot-starter-data-jpa-3.5.5.jar;C:\Users\MSS-125\.m2\repository\org\springframework\boot\spring-boot-starter-jdbc\3.5.5\spring-boot-starter-jdbc-3.5.5.jar;C:\Users\MSS-125\.m2\repository\com\zaxxer\HikariCP\6.3.2\HikariCP-6.3.2.jar;C:\Users\MSS-125\.m2\repository\org\springframework\spring-jdbc\6.2.10\spring-jdbc-6.2.10.jar;C:\Users\MSS-125\.m2\repository\org\hibernate\orm\hibernate-core\6.6.26.Final\hibernate-core-6.6.26.Final.jar;C:\Users\MSS-125\.m2\repository\jakarta\persistence\jakarta.persistence-api\3.1.0\jakarta.persistence-api-3.1.0.jar;C:\Users\MSS-125\.m2\repository\jakarta\transaction\jakarta.transaction-api\2.0.1\jakarta.transaction-api-2.0.1.jar;C:\Users\MSS-125\.m2\repository\org\jboss\logging\jboss-logging\3.6.1.Final\jboss-logging-3.6.1.Final.jar;C:\Users\MSS-125\.m2\repository\org\hibernate\common\hibernate-commons-annotations\7.0.3.Final\hibernate-commons-annotations-7.0.3.Final.jar;C:\Users\MSS-125\.m2\repository\io\smallrye\jandex\3.2.0\jandex-3.2.0.jar;C:\Users\MSS-125\.m2\repository\com\fasterxml\classmate\1.7.0\classmate-1.7.0.jar;C:\Users\MSS-125\.m2\repository\net\bytebuddy\byte-buddy\1.17.7\byte-buddy-1.17.7.jar;C:\Users\MSS-125\.m2\repository\org\glassfish\jaxb\jaxb-runtime\4.0.5\jaxb-runtime-4.0.5.jar;C:\Users\MSS-125\.m2\repository\org\glassfish\jaxb\jaxb-core\4.0.5\jaxb-core-4.0.5.jar;C:\Users\MSS-125\.m2\repository\org\eclipse\angus\angus-activation\2.0.2\angus-activation-2.0.2.jar;C:\Users\MSS-125\.m2\repository\org\glassfish\jaxb\txw2\4.0.5\txw2-4.0.5.jar;C:\Users\MSS-125\.m2\repository\com\sun\istack\istack-commons-runtime\4.1.2\istack-commons-runtime-4.1.2.jar;C:\Users\MSS-125\.m2\repository\jakarta\inject\jakarta.inject-api\2.0.1\jakarta.inject-api-2.0.1.jar;C:\Users\MSS-125\.m2\repository\org\antlr\antlr4-runtime\4.13.0\antlr4-runtime-4.13.0.ja
Launcher Type: SUN_STANDARD

[Global flags]
     intx CICompilerCount                          = 4                                         {product} {ergonomic}
     uint ConcGCThreads                            = 2                                         {product} {ergonomic}
     uint G1ConcRefinementThreads                  = 8                                         {product} {ergonomic}
   size_t G1HeapRegionSize                         = 1048576                                   {product} {ergonomic}
    uintx GCDrainStackTargetSize                   = 64                                        {product} {ergonomic}
   size_t InitialHeapSize                          = 132120576                                 {product} {ergonomic}
   size_t MarkStackSize                            = 4194304                                   {product} {ergonomic}
   size_t MaxHeapSize                              = 2082471936                                {product} {ergonomic}
   size_t MaxNewSize                               = 1248854016                                {product} {ergonomic}
   size_t MinHeapDeltaBytes                        = 1048576                                   {product} {ergonomic}
   size_t MinHeapSize                              = 8388608                                   {product} {ergonomic}
    uintx NonNMethodCodeHeapSize                   = 5839372                                {pd product} {ergonomic}
    uintx NonProfiledCodeHeapSize                  = 122909434                              {pd product} {ergonomic}
    uintx ProfiledCodeHeapSize                     = 122909434                              {pd product} {ergonomic}
    uintx ReservedCodeCacheSize                    = 251658240                              {pd product} {ergonomic}
     bool SegmentedCodeCache                       = true                                      {product} {ergonomic}
   size_t SoftMaxHeapSize                          = 2082471936                             {manageable} {ergonomic}
     bool UseCompressedClassPointers               = true                           {product lp64_product} {ergonomic}
     bool UseCompressedOops                        = true                           {product lp64_product} {ergonomic}
     bool UseG1GC                                  = true                                      {product} {ergonomic}
     bool UseLargePagesIndividualAllocation        = false                                  {pd product} {ergonomic}

Logging:
Log output configuration:
 #0: stdout all=warning uptime,level,tags
 #1: stderr all=off uptime,level,tags

Environment Variables:
PATH=C:\Program Files\Common Files\Oracle\Java\javapath;C:\Program Files (x86)\Common Files\Oracle\Java\javapath;C:\WINDOWS\system32;C:\WINDOWS;C:\WINDOWS\System32\Wbem;C:\WINDOWS\System32\WindowsPowerShell\v1.0\;C:\WINDOWS\System32\OpenSSH\;C:\Program Files\dotnet\;C:\Program Files (x86)\PuTTY\;C:\Program Files\nodejs\;C:\Program Files\nodejs\node_modules\npm\bin;C:\Program Files\RabbitMQ Server\rabbitmq_server-4.1.3\sbin;;C:\Program Files\Docker\Docker\resources\bin;C:\Users\MSS-125\AppData\Local\Microsoft\WindowsApps;C:\Users\MSS-125\AppData\Local\Programs\Microsoft VS Code\bin;C:\Users\MSS-125\AppData\Roaming\npm;C:\Users\MSS-125\AppData\Local\Programs\Git\cmd;C:\Users\MSS-125\.dotnet\tools
USERNAME=MSS-125
OS=Windows_NT
PROCESSOR_IDENTIFIER=Intel64 Family 6 Model 165 Stepping 3, GenuineIntel
TMP=C:\Users\MSS-125\AppData\Local\Temp
TEMP=C:\Users\MSS-125\AppData\Local\Temp



Periodic native trim disabled


---------------  S Y S T E M  ---------------

OS:
 Windows 11 , 64 bit Build 26100 (10.0.26100.5074)
OS uptime: 0 days 23:00 hours
Hyper-V role detected

CPU: total 8 (initial active 8) (4 cores per cpu, 2 threads per core) family 6 model 165 stepping 3 microcode 0xfc, cx8, cmov, fxsr, ht, mmx, 3dnowpref, sse, sse2, sse3, ssse3, sse4.1, sse4.2, popcnt, lzcnt, tsc, tscinvbit, avx, avx2, aes, erms, clmul, bmi1, bmi2, adx, fma, vzeroupper, clflush, clflushopt, hv
Processor Information for the first 8 processors :
  Max Mhz: 3701, Current Mhz: 3701, Mhz Limit: 3701

Memory: 4k page, system-wide physical 7939M (1064M free)
TotalPageFile size 25347M (AvailPageFile size 7021M)
current process WorkingSet (physical memory assigned to process): 159M, peak: 285M
current process commit charge ("private bytes"): 270M, peak: 322M

vm_info: OpenJDK 64-Bit Server VM (17.0.16+8-LTS) for windows-amd64 JRE (17.0.16+8-LTS), built on Jul 10 2025 00:24:24 by "MicrosoftCorporation" with unknown MS VC++:1944

END.
